<?xml version="1.0" encoding="UTF-8"?>
<coverage generated="1682252078835" clover="3.2.0">
  <project timestamp="1682252078836" name="All files">
    <metrics statements="19" coveredstatements="12" conditionals="0" coveredconditionals="0" methods="4" coveredmethods="2" elements="23" coveredelements="14" complexity="0" loc="19" ncloc="19" packages="1" files="2" classes="2"/>
    <file name="GenerateArray.js" path="D:\Projects\Serializer\build\GenerateArray.js">
      <metrics statements="6" coveredstatements="6" conditionals="0" coveredconditionals="0" methods="1" coveredmethods="1"/>
      <line num="2" count="2" type="stmt"/>
      <line num="5" count="2" type="stmt"/>
      <line num="6" count="2" type="stmt"/>
      <line num="7" count="100" type="stmt"/>
      <line num="9" count="2" type="stmt"/>
      <line num="12" count="2" type="stmt"/>
    </file>
    <file name="Serialize.js" path="D:\Projects\Serializer\build\Serialize.js">
      <metrics statements="13" coveredstatements="6" conditionals="0" coveredconditionals="0" methods="3" coveredmethods="1"/>
      <line num="2" count="2" type="stmt"/>
      <line num="5" count="2" type="stmt"/>
      <line num="6" count="2" type="stmt"/>
      <line num="7" count="2" type="stmt"/>
      <line num="8" count="2" type="stmt"/>
      <line num="11" count="0" type="stmt"/>
      <line num="12" count="0" type="stmt"/>
      <line num="14" count="0" type="stmt"/>
      <line num="17" count="0" type="stmt"/>
      <line num="18" count="0" type="stmt"/>
      <line num="19" count="0" type="stmt"/>
      <line num="20" count="0" type="stmt"/>
      <line num="23" count="2" type="stmt"/>
    </file>
  </project>
</coverage>
